03:44:09.415 [main] INFO  com.epam.task3.App - Consumer_0 created for [Mangoes]
03:44:09.430 [main] INFO  com.epam.task3.App - Consumer_1 created for [Strawberries, Oranges]
03:44:09.431 [main] INFO  com.epam.task3.App - Consumer_2 created for [Pineapples]
03:44:09.432 [main] INFO  com.epam.task3.App - Consumer_3 created for [Bananas, Pears, Pineapples]
03:44:09.432 [main] INFO  com.epam.task3.App - Consumer_4 created for [Grapes, Pineapples, Apples, Strawberries]
03:44:12.332 [pool-1-thread-6] DEBUG com.epam.task3.bus.MessageProducer - Producer_0 sending to [Pears]: Hello from 'Producer_0' number 0_ 
03:44:12.339 [pool-1-thread-6] TRACE com.epam.task3.bus.MessageBusImpl - Bus queue size: 1
03:44:12.339 [pool-1-thread-4] TRACE com.epam.task3.bus.MessageBusImpl - Bus queue size: 0
03:44:12.340 [pool-1-thread-4] INFO  com.epam.task3.bus.MessageConsumer - Consumer_3 [Bananas, Pears, Pineapples] received from Producer_0 sent to [Pears]: Hello from 'Producer_0' number 0_
03:44:12.430 [pool-1-thread-7] DEBUG com.epam.task3.bus.MessageProducer - Producer_1 sending to [Strawberries]: Hello from 'Producer_1' number 0_ 
03:44:12.431 [pool-1-thread-7] TRACE com.epam.task3.bus.MessageBusImpl - Bus queue size: 1
03:44:12.432 [pool-1-thread-5] TRACE com.epam.task3.bus.MessageBusImpl - Bus queue size: 0
03:44:12.432 [pool-1-thread-2] INFO  com.epam.task3.bus.MessageConsumer - Consumer_1 [Strawberries, Oranges] received from Producer_1 sent to [Strawberries]: Hello from 'Producer_1' number 0_
03:44:12.433 [pool-1-thread-5] INFO  com.epam.task3.bus.MessageConsumer - Consumer_4 [Grapes, Pineapples, Apples, Strawberries] received from Producer_1 sent to [Strawberries]: Hello from 'Producer_1' number 0_
03:44:12.528 [pool-1-thread-8] DEBUG com.epam.task3.bus.MessageProducer - Producer_2 sending to [Strawberries]: Hello from 'Producer_2' number 0_ 
03:44:12.530 [pool-1-thread-8] TRACE com.epam.task3.bus.MessageBusImpl - Bus queue size: 1
03:44:12.530 [pool-1-thread-2] TRACE com.epam.task3.bus.MessageBusImpl - Bus queue size: 0
03:44:12.530 [pool-1-thread-5] INFO  com.epam.task3.bus.MessageConsumer - Consumer_4 [Grapes, Pineapples, Apples, Strawberries] received from Producer_2 sent to [Strawberries]: Hello from 'Producer_2' number 0_
03:44:12.531 [pool-1-thread-2] INFO  com.epam.task3.bus.MessageConsumer - Consumer_1 [Strawberries, Oranges] received from Producer_2 sent to [Strawberries]: Hello from 'Producer_2' number 0_
03:44:14.253 [pool-1-thread-6] DEBUG com.epam.task3.bus.MessageProducer - Producer_0 sending to [Peaches]: Hello from 'Producer_0' number 1_ 
03:44:14.344 [pool-1-thread-7] DEBUG com.epam.task3.bus.MessageProducer - Producer_1 sending to [Pears]: Hello from 'Producer_1' number 1_ 
03:44:14.345 [pool-1-thread-7] TRACE com.epam.task3.bus.MessageBusImpl - Bus queue size: 1
03:44:14.345 [pool-1-thread-4] TRACE com.epam.task3.bus.MessageBusImpl - Bus queue size: 0
03:44:14.345 [pool-1-thread-4] INFO  com.epam.task3.bus.MessageConsumer - Consumer_3 [Bananas, Pears, Pineapples] received from Producer_1 sent to [Pears]: Hello from 'Producer_1' number 1_
03:44:14.444 [pool-1-thread-8] DEBUG com.epam.task3.bus.MessageProducer - Producer_2 sending to [Grapes]: Hello from 'Producer_2' number 1_ 
03:44:14.444 [pool-1-thread-8] TRACE com.epam.task3.bus.MessageBusImpl - Bus queue size: 1
03:44:14.444 [pool-1-thread-5] TRACE com.epam.task3.bus.MessageBusImpl - Bus queue size: 0
03:44:14.444 [pool-1-thread-5] INFO  com.epam.task3.bus.MessageConsumer - Consumer_4 [Grapes, Pineapples, Apples, Strawberries] received from Producer_2 sent to [Grapes]: Hello from 'Producer_2' number 1_
03:44:18.588 [pool-1-thread-6] DEBUG com.epam.task3.bus.MessageProducer - Producer_0 sending to [Oranges, Peaches]: Hello from 'Producer_0' number 2_ 
03:44:18.589 [pool-1-thread-6] TRACE com.epam.task3.bus.MessageBusImpl - Bus queue size: 1
03:44:18.589 [pool-1-thread-2] TRACE com.epam.task3.bus.MessageBusImpl - Bus queue size: 0
03:44:18.590 [pool-1-thread-2] INFO  com.epam.task3.bus.MessageConsumer - Consumer_1 [Strawberries, Oranges] received from Producer_0 sent to [Oranges, Peaches]: Hello from 'Producer_0' number 2_
03:44:18.680 [pool-1-thread-7] DEBUG com.epam.task3.bus.MessageProducer - Producer_1 sending to [Strawberries, Peaches]: Hello from 'Producer_1' number 2_ 
03:44:18.680 [pool-1-thread-7] TRACE com.epam.task3.bus.MessageBusImpl - Bus queue size: 1
03:44:18.680 [pool-1-thread-5] TRACE com.epam.task3.bus.MessageBusImpl - Bus queue size: 0
03:44:18.680 [pool-1-thread-5] INFO  com.epam.task3.bus.MessageConsumer - Consumer_4 [Grapes, Pineapples, Apples, Strawberries] received from Producer_1 sent to [Strawberries, Peaches]: Hello from 'Producer_1' number 2_
03:44:18.680 [pool-1-thread-2] INFO  com.epam.task3.bus.MessageConsumer - Consumer_1 [Strawberries, Oranges] received from Producer_1 sent to [Strawberries, Peaches]: Hello from 'Producer_1' number 2_
03:44:18.779 [pool-1-thread-8] DEBUG com.epam.task3.bus.MessageProducer - Producer_2 sending to [Pineapples, Strawberries]: Hello from 'Producer_2' number 2_ 
03:44:18.779 [pool-1-thread-8] TRACE com.epam.task3.bus.MessageBusImpl - Bus queue size: 1
03:44:18.780 [pool-1-thread-4] TRACE com.epam.task3.bus.MessageBusImpl - Bus queue size: 0
03:44:18.780 [pool-1-thread-2] INFO  com.epam.task3.bus.MessageConsumer - Consumer_1 [Strawberries, Oranges] received from Producer_2 sent to [Pineapples, Strawberries]: Hello from 'Producer_2' number 2_
03:44:18.780 [pool-1-thread-3] INFO  com.epam.task3.bus.MessageConsumer - Consumer_2 [Pineapples] received from Producer_2 sent to [Pineapples, Strawberries]: Hello from 'Producer_2' number 2_
03:44:18.780 [pool-1-thread-5] INFO  com.epam.task3.bus.MessageConsumer - Consumer_4 [Grapes, Pineapples, Apples, Strawberries] received from Producer_2 sent to [Pineapples, Strawberries]: Hello from 'Producer_2' number 2_
03:44:18.780 [pool-1-thread-4] INFO  com.epam.task3.bus.MessageConsumer - Consumer_3 [Bananas, Pears, Pineapples] received from Producer_2 sent to [Pineapples, Strawberries]: Hello from 'Producer_2' number 2_
03:44:22.462 [pool-1-thread-6] DEBUG com.epam.task3.bus.MessageProducer - Producer_0 sending to [Pears, Oranges]: Hello from 'Producer_0' number 3_ 
03:44:22.462 [pool-1-thread-6] TRACE com.epam.task3.bus.MessageBusImpl - Bus queue size: 1
03:44:22.463 [pool-1-thread-4] TRACE com.epam.task3.bus.MessageBusImpl - Bus queue size: 0
03:44:22.463 [pool-1-thread-2] INFO  com.epam.task3.bus.MessageConsumer - Consumer_1 [Strawberries, Oranges] received from Producer_0 sent to [Pears, Oranges]: Hello from 'Producer_0' number 3_
03:44:22.463 [pool-1-thread-4] INFO  com.epam.task3.bus.MessageConsumer - Consumer_3 [Bananas, Pears, Pineapples] received from Producer_0 sent to [Pears, Oranges]: Hello from 'Producer_0' number 3_
03:44:22.554 [pool-1-thread-7] DEBUG com.epam.task3.bus.MessageProducer - Producer_1 sending to [Mangoes, Pineapples]: Hello from 'Producer_1' number 3_ 
03:44:22.554 [pool-1-thread-7] TRACE com.epam.task3.bus.MessageBusImpl - Bus queue size: 1
03:44:22.554 [pool-1-thread-4] INFO  com.epam.task3.bus.MessageConsumer - Consumer_3 [Bananas, Pears, Pineapples] received from Producer_1 sent to [Mangoes, Pineapples]: Hello from 'Producer_1' number 3_
03:44:22.554 [pool-1-thread-3] INFO  com.epam.task3.bus.MessageConsumer - Consumer_2 [Pineapples] received from Producer_1 sent to [Mangoes, Pineapples]: Hello from 'Producer_1' number 3_
03:44:22.554 [pool-1-thread-1] INFO  com.epam.task3.bus.MessageConsumer - Consumer_0 [Mangoes] received from Producer_1 sent to [Mangoes, Pineapples]: Hello from 'Producer_1' number 3_
03:44:22.554 [pool-1-thread-5] TRACE com.epam.task3.bus.MessageBusImpl - Bus queue size: 0
03:44:22.555 [pool-1-thread-5] INFO  com.epam.task3.bus.MessageConsumer - Consumer_4 [Grapes, Pineapples, Apples, Strawberries] received from Producer_1 sent to [Mangoes, Pineapples]: Hello from 'Producer_1' number 3_
03:44:22.654 [pool-1-thread-8] DEBUG com.epam.task3.bus.MessageProducer - Producer_2 sending to [Pineapples, Peaches]: Hello from 'Producer_2' number 3_ 
03:44:22.654 [pool-1-thread-8] TRACE com.epam.task3.bus.MessageBusImpl - Bus queue size: 1
03:44:22.655 [pool-1-thread-5] INFO  com.epam.task3.bus.MessageConsumer - Consumer_4 [Grapes, Pineapples, Apples, Strawberries] received from Producer_2 sent to [Pineapples, Peaches]: Hello from 'Producer_2' number 3_
03:44:22.655 [pool-1-thread-3] INFO  com.epam.task3.bus.MessageConsumer - Consumer_2 [Pineapples] received from Producer_2 sent to [Pineapples, Peaches]: Hello from 'Producer_2' number 3_
03:44:22.655 [pool-1-thread-4] TRACE com.epam.task3.bus.MessageBusImpl - Bus queue size: 0
03:44:22.655 [pool-1-thread-4] INFO  com.epam.task3.bus.MessageConsumer - Consumer_3 [Bananas, Pears, Pineapples] received from Producer_2 sent to [Pineapples, Peaches]: Hello from 'Producer_2' number 3_
03:44:22.954 [pool-1-thread-6] DEBUG com.epam.task3.bus.MessageProducer - Producer_0 sending to [Watermelons]: Hello from 'Producer_0' number 4_ 
03:44:23.045 [pool-1-thread-7] DEBUG com.epam.task3.bus.MessageProducer - Producer_1 sending to [Grapes]: Hello from 'Producer_1' number 4_ 
03:44:23.045 [pool-1-thread-7] TRACE com.epam.task3.bus.MessageBusImpl - Bus queue size: 1
03:44:23.045 [pool-1-thread-5] TRACE com.epam.task3.bus.MessageBusImpl - Bus queue size: 0
03:44:23.045 [pool-1-thread-5] INFO  com.epam.task3.bus.MessageConsumer - Consumer_4 [Grapes, Pineapples, Apples, Strawberries] received from Producer_1 sent to [Grapes]: Hello from 'Producer_1' number 4_
03:44:23.145 [pool-1-thread-8] DEBUG com.epam.task3.bus.MessageProducer - Producer_2 sending to [Strawberries]: Hello from 'Producer_2' number 4_ 
03:44:23.145 [pool-1-thread-8] TRACE com.epam.task3.bus.MessageBusImpl - Bus queue size: 1
03:44:23.145 [pool-1-thread-5] TRACE com.epam.task3.bus.MessageBusImpl - Bus queue size: 0
03:44:23.145 [pool-1-thread-2] INFO  com.epam.task3.bus.MessageConsumer - Consumer_1 [Strawberries, Oranges] received from Producer_2 sent to [Strawberries]: Hello from 'Producer_2' number 4_
03:44:23.145 [pool-1-thread-5] INFO  com.epam.task3.bus.MessageConsumer - Consumer_4 [Grapes, Pineapples, Apples, Strawberries] received from Producer_2 sent to [Strawberries]: Hello from 'Producer_2' number 4_
03:44:24.450 [pool-1-thread-6] DEBUG com.epam.task3.bus.MessageProducer - Producer_0 sending to [Bananas, Pineapples]: Hello from 'Producer_0' number 5_ 
03:44:24.451 [pool-1-thread-6] TRACE com.epam.task3.bus.MessageBusImpl - Bus queue size: 1
03:44:24.452 [pool-1-thread-5] INFO  com.epam.task3.bus.MessageConsumer - Consumer_4 [Grapes, Pineapples, Apples, Strawberries] received from Producer_0 sent to [Bananas, Pineapples]: Hello from 'Producer_0' number 5_
03:44:24.452 [pool-1-thread-3] TRACE com.epam.task3.bus.MessageBusImpl - Bus queue size: 0
03:44:24.452 [pool-1-thread-4] INFO  com.epam.task3.bus.MessageConsumer - Consumer_3 [Bananas, Pears, Pineapples] received from Producer_0 sent to [Bananas, Pineapples]: Hello from 'Producer_0' number 5_
03:44:24.453 [pool-1-thread-3] INFO  com.epam.task3.bus.MessageConsumer - Consumer_2 [Pineapples] received from Producer_0 sent to [Bananas, Pineapples]: Hello from 'Producer_0' number 5_
03:44:24.540 [pool-1-thread-7] DEBUG com.epam.task3.bus.MessageProducer - Producer_1 sending to [Pears, Apples]: Hello from 'Producer_1' number 5_ 
03:44:24.540 [pool-1-thread-7] TRACE com.epam.task3.bus.MessageBusImpl - Bus queue size: 1
03:44:24.540 [pool-1-thread-5] TRACE com.epam.task3.bus.MessageBusImpl - Bus queue size: 0
03:44:24.540 [pool-1-thread-4] INFO  com.epam.task3.bus.MessageConsumer - Consumer_3 [Bananas, Pears, Pineapples] received from Producer_1 sent to [Pears, Apples]: Hello from 'Producer_1' number 5_
03:44:24.540 [pool-1-thread-5] INFO  com.epam.task3.bus.MessageConsumer - Consumer_4 [Grapes, Pineapples, Apples, Strawberries] received from Producer_1 sent to [Pears, Apples]: Hello from 'Producer_1' number 5_
03:44:24.641 [pool-1-thread-8] DEBUG com.epam.task3.bus.MessageProducer - Producer_2 sending to [Grapes, Pineapples]: Hello from 'Producer_2' number 5_ 
03:44:24.641 [pool-1-thread-8] TRACE com.epam.task3.bus.MessageBusImpl - Bus queue size: 1
03:44:24.641 [pool-1-thread-5] INFO  com.epam.task3.bus.MessageConsumer - Consumer_4 [Grapes, Pineapples, Apples, Strawberries] received from Producer_2 sent to [Grapes, Pineapples]: Hello from 'Producer_2' number 5_
03:44:24.641 [pool-1-thread-3] TRACE com.epam.task3.bus.MessageBusImpl - Bus queue size: 0
03:44:24.641 [pool-1-thread-4] INFO  com.epam.task3.bus.MessageConsumer - Consumer_3 [Bananas, Pears, Pineapples] received from Producer_2 sent to [Grapes, Pineapples]: Hello from 'Producer_2' number 5_
03:44:24.642 [pool-1-thread-3] INFO  com.epam.task3.bus.MessageConsumer - Consumer_2 [Pineapples] received from Producer_2 sent to [Grapes, Pineapples]: Hello from 'Producer_2' number 5_
03:44:25.054 [pool-1-thread-6] DEBUG com.epam.task3.bus.MessageProducer - Producer_0 sending to [Watermelons, Grapes]: Hello from 'Producer_0' number 6_ 
03:44:25.054 [pool-1-thread-6] TRACE com.epam.task3.bus.MessageBusImpl - Bus queue size: 1
03:44:25.054 [pool-1-thread-5] TRACE com.epam.task3.bus.MessageBusImpl - Bus queue size: 0
03:44:25.054 [pool-1-thread-5] INFO  com.epam.task3.bus.MessageConsumer - Consumer_4 [Grapes, Pineapples, Apples, Strawberries] received from Producer_0 sent to [Watermelons, Grapes]: Hello from 'Producer_0' number 6_
03:44:25.142 [pool-1-thread-7] DEBUG com.epam.task3.bus.MessageProducer - Producer_1 sending to [Bananas, Strawberries]: Hello from 'Producer_1' number 6_ 
03:44:25.142 [pool-1-thread-7] TRACE com.epam.task3.bus.MessageBusImpl - Bus queue size: 1
03:44:25.142 [pool-1-thread-4] TRACE com.epam.task3.bus.MessageBusImpl - Bus queue size: 0
03:44:25.142 [pool-1-thread-5] INFO  com.epam.task3.bus.MessageConsumer - Consumer_4 [Grapes, Pineapples, Apples, Strawberries] received from Producer_1 sent to [Bananas, Strawberries]: Hello from 'Producer_1' number 6_
03:44:25.142 [pool-1-thread-2] INFO  com.epam.task3.bus.MessageConsumer - Consumer_1 [Strawberries, Oranges] received from Producer_1 sent to [Bananas, Strawberries]: Hello from 'Producer_1' number 6_
03:44:25.142 [pool-1-thread-4] INFO  com.epam.task3.bus.MessageConsumer - Consumer_3 [Bananas, Pears, Pineapples] received from Producer_1 sent to [Bananas, Strawberries]: Hello from 'Producer_1' number 6_
03:44:25.243 [pool-1-thread-8] DEBUG com.epam.task3.bus.MessageProducer - Producer_2 sending to [Pineapples, Apples]: Hello from 'Producer_2' number 6_ 
03:44:25.243 [pool-1-thread-8] TRACE com.epam.task3.bus.MessageBusImpl - Bus queue size: 1
03:44:25.243 [pool-1-thread-3] TRACE com.epam.task3.bus.MessageBusImpl - Bus queue size: 0
03:44:25.243 [pool-1-thread-4] INFO  com.epam.task3.bus.MessageConsumer - Consumer_3 [Bananas, Pears, Pineapples] received from Producer_2 sent to [Pineapples, Apples]: Hello from 'Producer_2' number 6_
03:44:25.243 [pool-1-thread-5] INFO  com.epam.task3.bus.MessageConsumer - Consumer_4 [Grapes, Pineapples, Apples, Strawberries] received from Producer_2 sent to [Pineapples, Apples]: Hello from 'Producer_2' number 6_
03:44:25.243 [pool-1-thread-3] INFO  com.epam.task3.bus.MessageConsumer - Consumer_2 [Pineapples] received from Producer_2 sent to [Pineapples, Apples]: Hello from 'Producer_2' number 6_
03:44:29.017 [pool-1-thread-6] DEBUG com.epam.task3.bus.MessageProducer - Producer_0 sending to [Apples]: Hello from 'Producer_0' number 7_ 
03:44:29.018 [pool-1-thread-6] TRACE com.epam.task3.bus.MessageBusImpl - Bus queue size: 1
03:44:29.019 [pool-1-thread-5] TRACE com.epam.task3.bus.MessageBusImpl - Bus queue size: 0
03:44:29.019 [pool-1-thread-5] INFO  com.epam.task3.bus.MessageConsumer - Consumer_4 [Grapes, Pineapples, Apples, Strawberries] received from Producer_0 sent to [Apples]: Hello from 'Producer_0' number 7_
03:44:29.106 [pool-1-thread-7] DEBUG com.epam.task3.bus.MessageProducer - Producer_1 sending to [Peaches]: Hello from 'Producer_1' number 7_ 
03:44:29.208 [pool-1-thread-8] DEBUG com.epam.task3.bus.MessageProducer - Producer_2 sending to [Oranges]: Hello from 'Producer_2' number 7_ 
03:44:29.209 [pool-1-thread-8] TRACE com.epam.task3.bus.MessageBusImpl - Bus queue size: 1
03:44:29.210 [pool-1-thread-2] TRACE com.epam.task3.bus.MessageBusImpl - Bus queue size: 0
03:44:29.210 [pool-1-thread-2] INFO  com.epam.task3.bus.MessageConsumer - Consumer_1 [Strawberries, Oranges] received from Producer_2 sent to [Oranges]: Hello from 'Producer_2' number 7_
03:44:29.556 [pool-1-thread-6] DEBUG com.epam.task3.bus.MessageProducer - Producer_0 sending to [Grapes, Pears]: Hello from 'Producer_0' number 8_ 
03:44:29.556 [pool-1-thread-6] TRACE com.epam.task3.bus.MessageBusImpl - Bus queue size: 1
03:44:29.556 [pool-1-thread-5] TRACE com.epam.task3.bus.MessageBusImpl - Bus queue size: 0
03:44:29.556 [pool-1-thread-4] INFO  com.epam.task3.bus.MessageConsumer - Consumer_3 [Bananas, Pears, Pineapples] received from Producer_0 sent to [Grapes, Pears]: Hello from 'Producer_0' number 8_
03:44:29.556 [pool-1-thread-5] INFO  com.epam.task3.bus.MessageConsumer - Consumer_4 [Grapes, Pineapples, Apples, Strawberries] received from Producer_0 sent to [Grapes, Pears]: Hello from 'Producer_0' number 8_
03:44:29.644 [pool-1-thread-7] DEBUG com.epam.task3.bus.MessageProducer - Producer_1 sending to [Watermelons, Peaches]: Hello from 'Producer_1' number 8_ 
03:44:29.747 [pool-1-thread-8] DEBUG com.epam.task3.bus.MessageProducer - Producer_2 sending to [Pears, Mangoes]: Hello from 'Producer_2' number 8_ 
03:44:29.748 [pool-1-thread-8] TRACE com.epam.task3.bus.MessageBusImpl - Bus queue size: 1
03:44:29.749 [pool-1-thread-1] INFO  com.epam.task3.bus.MessageConsumer - Consumer_0 [Mangoes] received from Producer_2 sent to [Pears, Mangoes]: Hello from 'Producer_2' number 8_
03:44:29.749 [pool-1-thread-4] TRACE com.epam.task3.bus.MessageBusImpl - Bus queue size: 0
03:44:29.749 [pool-1-thread-4] INFO  com.epam.task3.bus.MessageConsumer - Consumer_3 [Bananas, Pears, Pineapples] received from Producer_2 sent to [Pears, Mangoes]: Hello from 'Producer_2' number 8_
03:44:32.451 [pool-1-thread-6] DEBUG com.epam.task3.bus.MessageProducer - Producer_0 sending to [Grapes]: Hello from 'Producer_0' number 9_ 
03:44:32.451 [pool-1-thread-6] TRACE com.epam.task3.bus.MessageBusImpl - Bus queue size: 1
03:44:32.452 [pool-1-thread-5] TRACE com.epam.task3.bus.MessageBusImpl - Bus queue size: 0
03:44:32.452 [main] DEBUG com.epam.task3.App - Producer_0 is done
03:44:32.452 [pool-1-thread-5] INFO  com.epam.task3.bus.MessageConsumer - Consumer_4 [Grapes, Pineapples, Apples, Strawberries] received from Producer_0 sent to [Grapes]: Hello from 'Producer_0' number 9_
03:44:32.540 [pool-1-thread-7] DEBUG com.epam.task3.bus.MessageProducer - Producer_1 sending to [Pineapples]: Hello from 'Producer_1' number 9_ 
03:44:32.540 [pool-1-thread-7] TRACE com.epam.task3.bus.MessageBusImpl - Bus queue size: 1
03:44:32.540 [main] DEBUG com.epam.task3.App - Producer_1 is done
03:44:32.540 [pool-1-thread-3] TRACE com.epam.task3.bus.MessageBusImpl - Bus queue size: 0
03:44:32.540 [pool-1-thread-5] INFO  com.epam.task3.bus.MessageConsumer - Consumer_4 [Grapes, Pineapples, Apples, Strawberries] received from Producer_1 sent to [Pineapples]: Hello from 'Producer_1' number 9_
03:44:32.540 [pool-1-thread-4] INFO  com.epam.task3.bus.MessageConsumer - Consumer_3 [Bananas, Pears, Pineapples] received from Producer_1 sent to [Pineapples]: Hello from 'Producer_1' number 9_
03:44:32.540 [pool-1-thread-3] INFO  com.epam.task3.bus.MessageConsumer - Consumer_2 [Pineapples] received from Producer_1 sent to [Pineapples]: Hello from 'Producer_1' number 9_
03:44:32.644 [pool-1-thread-8] DEBUG com.epam.task3.bus.MessageProducer - Producer_2 sending to [Peaches]: Hello from 'Producer_2' number 9_ 
03:44:32.644 [main] DEBUG com.epam.task3.App - Producer_2 is done
03:44:32.644 [main] DEBUG com.epam.task3.App - Shutting down
03:44:32.646 [main] DEBUG com.epam.task3.App - Pool shut down
03:44:32.671 [main] INFO  com.epam.task3.App - 
+--------------+--------------------------------------------+--------------------------------------------------------------------------+
|              |                  Produced                  |                                 Consumed                                 |
+--------------+--------------+--------------+--------------+--------------+--------------+--------------+--------------+--------------+
|    Topic     |  Producer_0  |  Producer_1  |  Producer_2  |  Consumer_0  |  Consumer_1  |  Consumer_2  |  Consumer_3  |  Consumer_4  |
+--------------+--------------+--------------+--------------+--------------+--------------+--------------+--------------+--------------+
|    Apples    |             1|             1|             1|      -       |      -       |      -       |      -       |             3|
+--------------+--------------+--------------+--------------+--------------+--------------+--------------+--------------+--------------+
|   Oranges    |             2|             0|             1|      -       |             3|      -       |      -       |      -       |
+--------------+--------------+--------------+--------------+--------------+--------------+--------------+--------------+--------------+
|   Bananas    |             1|             1|             0|      -       |      -       |      -       |             2|      -       |
+--------------+--------------+--------------+--------------+--------------+--------------+--------------+--------------+--------------+
|    Grapes    |             3|             1|             2|      -       |      -       |      -       |      -       |             6|
+--------------+--------------+--------------+--------------+--------------+--------------+--------------+--------------+--------------+
| Strawberries |             0|             3|             3|      -       |             6|      -       |      -       |             6|
+--------------+--------------+--------------+--------------+--------------+--------------+--------------+--------------+--------------+
|   Mangoes    |             0|             1|             1|             2|      -       |      -       |      -       |      -       |
+--------------+--------------+--------------+--------------+--------------+--------------+--------------+--------------+--------------+
| Watermelons  |             2|             1|             0|      -       |      -       |      -       |      -       |      -       |
+--------------+--------------+--------------+--------------+--------------+--------------+--------------+--------------+--------------+
|  Pineapples  |             1|             2|             4|      -       |      -       |             7|             7|             7|
+--------------+--------------+--------------+--------------+--------------+--------------+--------------+--------------+--------------+
|   Peaches    |             2|             3|             2|      -       |      -       |      -       |      -       |      -       |
+--------------+--------------+--------------+--------------+--------------+--------------+--------------+--------------+--------------+
|    Pears     |             3|             2|             1|      -       |      -       |      -       |             6|      -       |
+--------------+--------------+--------------+--------------+--------------+--------------+--------------+--------------+--------------+

